build/app/outputs/mapping/release/seeds.txt
com.pichillilorenzo.flutter_inappwebview.R$attr: int numericModifiers
io.flutter.plugin.editing.ImeSyncDeferringInsetsCallback: android.view.WindowInsets lastWindowInsets
com.myfatoorah.sdk.R$styleable: int Constraint_layout_constraintBaseline_toBottomOf
com.myfatoorah.sdk.R$style: int Widget_AppCompat_ActionButton_Overflow
com.myfatoorah.sdk.R$attr: int isLightTheme
com.pichillilorenzo.flutter_inappwebview.in_app_browser.InAppBrowserActivity: java.lang.String id
com.dexterous.flutterlocalnotifications.models.NotificationDetails: java.lang.String SCHEDULE_MODE
com.myfatoorah.sdk.R$id: int checkbox
com.dexterous.flutterlocalnotifications.models.NotificationDetails: java.lang.String ADDITIONAL_FLAGS
com.myfatoorah.sdk.R$styleable: int FlowLayout_lineSpacing
com.pichillilorenzo.flutter_inappwebview.R$drawable: int notification_bg_low_pressed
androidx.appcompat.widget.Toolbar$SavedState: android.os.Parcelable$Creator CREATOR
com.myfatoorah.sdk.R$styleable: int AppBarLayout_android_touchscreenBlocksFocus
com.myfatoorah.sdk.R$styleable: int ConstraintSet_layout_constraintVertical_chainStyle
io.flutter.embedding.engine.mutatorsstack.FlutterMutatorsStack: android.graphics.Matrix finalMatrix
com.pichillilorenzo.flutter_inappwebview.R$attr: int fontFamily
com.myfatoorah.sdk.R$styleable: int ConstraintLayout_Layout_layout_goneMarginBottom
com.myfatoorah.sdk.R$styleable: int Transition_transitionFlags
com.pichillilorenzo.flutter_inappwebview.R$attr: int listItemLayout
com.myfatoorah.sdk.views.MFSDK$initiateSession$1: kotlin.jvm.internal.Ref$ObjectRef $mRequest
com.myfatoorah.sdk.R$id: int action_text
com.dexterous.flutterlocalnotifications.models.NotificationDetails: com.dexterous.flutterlocalnotifications.models.NotificationStyle style
com.pichillilorenzo.flutter_inappwebview.R$color: int browser_actions_text_color
com.pichillilorenzo.flutter_inappwebview.chrome_custom_tabs.ActionBroadcastReceiver: java.lang.String KEY_URL_TITLE
com.pichillilorenzo.flutter_inappwebview.R$styleable: int TextAppearance_fontVariationSettings
com.pichillilorenzo.flutter_inappwebview.R$styleable: int MenuView_android_headerBackground
com.pichillilorenzo.flutter_inappwebview.R$style: int Base_DialogWindowTitleBackground_AppCompat
com.myfatoorah.sdk.R$styleable: int ConstraintOverride_android_layout_height
com.myfatoorah.sdk.R$styleable: int StateListDrawable_android_variablePadding
androidx.appcompat.app.AppCompatActivity: androidx.appcompat.app.AppCompatDelegate mDelegate
com.myfatoorah.sdk.R$string: int abc_toolbar_collapse_description
com.myfatoorah.sdk.R$style: int Base_V14_Theme_MaterialComponents
com.myfatoorah.sdk.R$styleable: int ViewTransition_ifTagSet
com.pichillilorenzo.flutter_inappwebview.R$attr: int height
com.pichillilorenzo.flutter_inappwebview.MyCookieManager$3: io.flutter.plugin.common.MethodChannel$Result val$result
com.pichillilorenzo.flutter_inappwebview.R$styleable: int[] PopupWindow
com.dexterous.flutterlocalnotifications.models.styles.InboxStyleInformation: java.lang.String contentTitle
com.myfatoorah.sdk.R$id: int motion_base
com.pichillilorenzo.flutter_inappwebview.R$id: int async
com.pichillilorenzo.flutter_inappwebview.types.PluginScript: boolean requiredInAllContentWorlds
com.myfatoorah.sdk.R$styleable: int TabLayout_tabIconTint
com.pichillilorenzo.flutter_inappwebview.in_app_webview.InAppWebView: android.view.GestureDetector gestureDetector
com.myfatoorah.sdk.views.embeddedpayment.MFPaymentCardView: com.myfatoorah.sdk.entity.MFCardViewStyle cardStyle
com.myfatoorah.sdk.enums.MFEnvironment: com.myfatoorah.sdk.enums.MFEnvironment LIVE
com.pichillilorenzo.flutter_inappwebview.chrome_custom_tabs.ChromeCustomTabsActivitySingleInstance: java.lang.String LOG_TAG
com.myfatoorah.sdk.R$layout: int design_layout_snackbar
com.pichillilorenzo.flutter_inappwebview.R$attr: int actionDropDownStyle
com.myfatoorah.sdk.R$dimen: int mtrl_navigation_item_horizontal_padding